  Bajt.cpp
  Bitmap.cpp
C:\Program Files (x86)\Microsoft Visual Studio\2019\Enterprise\VC\Tools\MSVC\14.23.28105\include\type_traits(1571,1): warning C4244: "argument": konwersja z "_Ty" do "int", możliwa utrata danych
C:\Program Files (x86)\Microsoft Visual Studio\2019\Enterprise\VC\Tools\MSVC\14.23.28105\include\type_traits(1571,1): warning C4244:         with
C:\Program Files (x86)\Microsoft Visual Studio\2019\Enterprise\VC\Tools\MSVC\14.23.28105\include\type_traits(1571,1): warning C4244:         [
C:\Program Files (x86)\Microsoft Visual Studio\2019\Enterprise\VC\Tools\MSVC\14.23.28105\include\type_traits(1571,1): warning C4244:             _Ty=float
C:\Program Files (x86)\Microsoft Visual Studio\2019\Enterprise\VC\Tools\MSVC\14.23.28105\include\type_traits(1571,1): warning C4244:         ]
C:\Program Files (x86)\Microsoft Visual Studio\2019\Enterprise\VC\Tools\MSVC\14.23.28105\include\type_traits(1571): message : zobacz odwołanie do kompilowanego wystąpienia „int std::_Invoker_functor::_Call<int(__cdecl *)(unsigned char *,int,int,int,int),_Ty,int,int,int,float>(_Callable &&,_Ty &&,int &&,int &&,int &&,float &&) noexcept(false)” funkcji szablon
C:\Program Files (x86)\Microsoft Visual Studio\2019\Enterprise\VC\Tools\MSVC\14.23.28105\include\type_traits(1571): message :         with
C:\Program Files (x86)\Microsoft Visual Studio\2019\Enterprise\VC\Tools\MSVC\14.23.28105\include\type_traits(1571): message :         [
C:\Program Files (x86)\Microsoft Visual Studio\2019\Enterprise\VC\Tools\MSVC\14.23.28105\include\type_traits(1571): message :             _Ty=unsigned char *,
C:\Program Files (x86)\Microsoft Visual Studio\2019\Enterprise\VC\Tools\MSVC\14.23.28105\include\type_traits(1571): message :             _Callable=int (__cdecl *)(unsigned char *,int,int,int,int)
C:\Program Files (x86)\Microsoft Visual Studio\2019\Enterprise\VC\Tools\MSVC\14.23.28105\include\type_traits(1571): message :         ]
C:\Program Files (x86)\Microsoft Visual Studio\2019\Enterprise\VC\Tools\MSVC\14.23.28105\include\thread(36): message : zobacz odwołanie do kompilowanego wystąpienia „int std::invoke<int(__cdecl *)(unsigned char *,int,int,int,int),unsigned char*,int,int,int,float>(_Callable &&,unsigned char *&&,int &&,int &&,int &&,float &&) noexcept(false)” funkcji szablon
C:\Program Files (x86)\Microsoft Visual Studio\2019\Enterprise\VC\Tools\MSVC\14.23.28105\include\thread(36): message :         with
C:\Program Files (x86)\Microsoft Visual Studio\2019\Enterprise\VC\Tools\MSVC\14.23.28105\include\thread(36): message :         [
C:\Program Files (x86)\Microsoft Visual Studio\2019\Enterprise\VC\Tools\MSVC\14.23.28105\include\thread(36): message :             _Callable=int (__cdecl *)(unsigned char *,int,int,int,int)
C:\Program Files (x86)\Microsoft Visual Studio\2019\Enterprise\VC\Tools\MSVC\14.23.28105\include\thread(36): message :         ]
C:\Program Files (x86)\Microsoft Visual Studio\2019\Enterprise\VC\Tools\MSVC\14.23.28105\include\thread(47): message : zobacz odwołanie do kompilowanego wystąpienia „unsigned int std::thread::_Invoke<_Tuple,0,1,2,3,4,5>(void *) noexcept” funkcji szablon
C:\Program Files (x86)\Microsoft Visual Studio\2019\Enterprise\VC\Tools\MSVC\14.23.28105\include\thread(47): message :         with
C:\Program Files (x86)\Microsoft Visual Studio\2019\Enterprise\VC\Tools\MSVC\14.23.28105\include\thread(47): message :         [
C:\Program Files (x86)\Microsoft Visual Studio\2019\Enterprise\VC\Tools\MSVC\14.23.28105\include\thread(47): message :             _Tuple=_Tuple
C:\Program Files (x86)\Microsoft Visual Studio\2019\Enterprise\VC\Tools\MSVC\14.23.28105\include\thread(47): message :         ]
C:\Program Files (x86)\Microsoft Visual Studio\2019\Enterprise\VC\Tools\MSVC\14.23.28105\include\thread(53): message : zobacz odwołanie do kompilowanego wystąpienia „unsigned int (__cdecl *std::thread::_Get_invoke<_Tuple,0,1,2,3,4,5>(std::integer_sequence<unsigned __int64,0,1,2,3,4,5>) noexcept)(void *)” funkcji szablon
C:\Users\Kuba\source\repos\ProgowanieBM\JAProj\Bitmap.cpp(187): message : zobacz odwołanie do kompilowanego wystąpienia „std::thread::thread<int(__cdecl &)(unsigned char *,int,int,int,int),unsigned char*&,int&,int&,int,float,void>(_Fn,unsigned char *&,int &,int &,int &&,float &&)” funkcji szablon
C:\Users\Kuba\source\repos\ProgowanieBM\JAProj\Bitmap.cpp(187): message :         with
C:\Users\Kuba\source\repos\ProgowanieBM\JAProj\Bitmap.cpp(187): message :         [
C:\Users\Kuba\source\repos\ProgowanieBM\JAProj\Bitmap.cpp(187): message :             _Fn=int (__cdecl &)(unsigned char *,int,int,int,int)
C:\Users\Kuba\source\repos\ProgowanieBM\JAProj\Bitmap.cpp(187): message :         ]
C:\Program Files (x86)\Microsoft Visual Studio\2019\Enterprise\VC\Tools\MSVC\14.23.28105\include\chrono(669): message : zobacz odwołanie do kompilowanego wystąpienia „std::chrono::duration<double,std::ratio<1,1>>” klasy klasa szablon
C:\Program Files (x86)\Microsoft Visual Studio\2019\Enterprise\VC\Tools\MSVC\14.23.28105\include\chrono(177): message : zobacz odwołanie do kompilowanego wystąpienia „std::chrono::duration<__int64,std::nano>” klasy klasa szablon
  Checker.cpp
  Controller.cpp
  JAProj.cpp
  Generowanie kodu...
C:\Program Files (x86)\Microsoft Visual Studio\2019\Enterprise\VC\Tools\MSVC\14.23.28105\include\chrono(647): message : zobacz odwołanie do kompilowanego wystąpienia „std::chrono::time_point<std::chrono::steady_clock,std::chrono::steady_clock::duration>” klasy klasa szablon
  JAProj.vcxproj -> C:\Users\Kuba\source\repos\ProgowanieBM\x64\Debug\JAProj.exe
